<?xml version="1.0" encoding="UTF-8"?>
<testng-results ignored="0" total="1" passed="1" failed="0" skipped="0">
  <reporter-output>
  </reporter-output>
  <suite started-at="2021-08-02T00:06:18 EDT" name="Default suite" finished-at="2021-08-02T00:07:03 EDT" duration-ms="44979">
    <groups>
    </groups>
    <test started-at="2021-08-02T00:06:18 EDT" name="Default test" finished-at="2021-08-02T00:07:03 EDT" duration-ms="44979">
      <class name="LoginTest">
        <test-method is-config="true" signature="setUp()[pri:0, instance:LoginTest@52815fa3]" started-at="2021-08-02T00:06:18 EDT" name="setUp" finished-at="2021-08-02T00:07:00 EDT" duration-ms="41217" status="PASS">
          <reporter-output>
          </reporter-output>
        </test-method> <!-- setUp -->
        <test-method signature="longInTest()[pri:0, instance:LoginTest@52815fa3]" started-at="2021-08-02T00:07:00 EDT" name="longInTest" finished-at="2021-08-02T00:07:03 EDT" duration-ms="3718" status="PASS">
          <reporter-output>
          </reporter-output>
        </test-method> <!-- longInTest -->
      </class> <!-- LoginTest -->
    </test> <!-- Default test -->
  </suite> <!-- Default suite -->
</testng-results>
